  [1m[35m (1003.9ms)[0m  [1m[35mCREATE TABLE "schema_migrations" ("version" character varying PRIMARY KEY)[0m
  [1m[35m (136.2ms)[0m  [1m[35mCREATE TABLE "ar_internal_metadata" ("key" character varying PRIMARY KEY, "value" character varying, "created_at" timestamp NOT NULL, "updated_at" timestamp NOT NULL)[0m
  [1m[35m (55.8ms)[0m  [1m[34mSELECT pg_try_advisory_lock(3812909649828655845);[0m
  [1m[36mActiveRecord::SchemaMigration Load (46.9ms)[0m  [1m[34mSELECT "schema_migrations".* FROM "schema_migrations"[0m
Migrating to CreatePosts (20170311135012)
  [1m[35m (45.4ms)[0m  [1m[35mBEGIN[0m
  [1m[35m (350.6ms)[0m  [1m[35mCREATE TABLE "posts" ("id" serial primary key, "title" character varying, "body" text, "username" character varying, "created_at" timestamp NOT NULL, "updated_at" timestamp NOT NULL)[0m
  [1m[35mSQL (172.8ms)[0m  [1m[32mINSERT INTO "schema_migrations" ("version") VALUES ($1) RETURNING "version"[0m  [["version", "20170311135012"]]
  [1m[35m (1.1ms)[0m  [1m[35mCOMMIT[0m
  [1m[36mActiveRecord::InternalMetadata Load (16.7ms)[0m  [1m[34mSELECT  "ar_internal_metadata".* FROM "ar_internal_metadata" WHERE "ar_internal_metadata"."key" = $1 LIMIT $2[0m  [["key", :environment], ["LIMIT", 1]]
  [1m[35m (0.4ms)[0m  [1m[35mBEGIN[0m
  [1m[35mSQL (100.4ms)[0m  [1m[32mINSERT INTO "ar_internal_metadata" ("key", "value", "created_at", "updated_at") VALUES ($1, $2, $3, $4) RETURNING "key"[0m  [["key", "environment"], ["value", "development"], ["created_at", 2017-03-11 13:51:07 UTC], ["updated_at", 2017-03-11 13:51:07 UTC]]
  [1m[35m (28.0ms)[0m  [1m[35mCOMMIT[0m
  [1m[35m (0.5ms)[0m  [1m[34mSELECT pg_advisory_unlock(3812909649828655845)[0m
  [1m[36mActiveRecord::SchemaMigration Load (38.6ms)[0m  [1m[34mSELECT "schema_migrations".* FROM "schema_migrations"[0m
Started GET "/" for 127.0.0.1 at 2017-03-11 14:55:00 +0100
  [1m[36mActiveRecord::SchemaMigration Load (0.7ms)[0m  [1m[34mSELECT "schema_migrations".* FROM "schema_migrations"[0m
Processing by Rails::WelcomeController#index as HTML
  Parameters: {"internal"=>true}
  Rendering /Users/vitalylyapunov/.rvm/gems/ruby-2.3.1/gems/railties-5.0.2/lib/rails/templates/rails/welcome/index.html.erb
  Rendered /Users/vitalylyapunov/.rvm/gems/ruby-2.3.1/gems/railties-5.0.2/lib/rails/templates/rails/welcome/index.html.erb (7.0ms)
Completed 200 OK in 172ms (Views: 116.1ms | ActiveRecord: 0.0ms)


Started GET "/api/posts" for 127.0.0.1 at 2017-03-11 14:55:11 +0100
Processing by Api::V1::PostsController#index as HTML
  [1m[36mPost Load (3.4ms)[0m  [1m[34mSELECT "posts".* FROM "posts" ORDER BY "posts"."id" ASC[0m
Completed 406 Not Acceptable in 33ms (ActiveRecord: 5.4ms)


  
ActionController::UnknownFormat (ActionController::UnknownFormat):
  
app/controllers/api/v1/posts_controller.rb:4:in `index'
  Rendering /Users/vitalylyapunov/.rvm/gems/ruby-2.3.1/gems/actionpack-5.0.2/lib/action_dispatch/middleware/templates/rescues/diagnostics.html.erb within rescues/layout
  Rendering /Users/vitalylyapunov/.rvm/gems/ruby-2.3.1/gems/actionpack-5.0.2/lib/action_dispatch/middleware/templates/rescues/_source.html.erb
  Rendered /Users/vitalylyapunov/.rvm/gems/ruby-2.3.1/gems/actionpack-5.0.2/lib/action_dispatch/middleware/templates/rescues/_source.html.erb (5.1ms)
  Rendering /Users/vitalylyapunov/.rvm/gems/ruby-2.3.1/gems/actionpack-5.0.2/lib/action_dispatch/middleware/templates/rescues/_trace.html.erb
  Rendered /Users/vitalylyapunov/.rvm/gems/ruby-2.3.1/gems/actionpack-5.0.2/lib/action_dispatch/middleware/templates/rescues/_trace.html.erb (2.8ms)
  Rendering /Users/vitalylyapunov/.rvm/gems/ruby-2.3.1/gems/actionpack-5.0.2/lib/action_dispatch/middleware/templates/rescues/_request_and_response.html.erb
  Rendered /Users/vitalylyapunov/.rvm/gems/ruby-2.3.1/gems/actionpack-5.0.2/lib/action_dispatch/middleware/templates/rescues/_request_and_response.html.erb (17.6ms)
  Rendered /Users/vitalylyapunov/.rvm/gems/ruby-2.3.1/gems/actionpack-5.0.2/lib/action_dispatch/middleware/templates/rescues/diagnostics.html.erb within rescues/layout (174.4ms)
Started GET "/api/posts" for 127.0.0.1 at 2017-03-11 14:56:16 +0100
Processing by Api::V1::PostsController#index as JSON
  [1m[36mPost Load (0.8ms)[0m  [1m[34mSELECT "posts".* FROM "posts" ORDER BY "posts"."id" ASC[0m
[active_model_serializers] Rendered ActiveModel::Serializer::CollectionSerializer with ActiveModelSerializers::Adapter::Attributes (34.31ms)
Completed 200 OK in 576ms (Views: 496.8ms | ActiveRecord: 2.8ms)


